# JRE version: Java(TM) SE Runtime Environment 18.9 (11.0.17+10) (build 11.0.17+10-LTS-269)
# Java VM: Java HotSpot(TM) 64-Bit Server VM 18.9 (11.0.17+10-LTS-269, mixed mode, tiered, compressed oops, g1 gc, windows-amd64)
Heap:
 garbage-first heap   total 131072K, used 66965K [0x00000000e0000000, 0x0000000100000000)
  region size 1024K, 46 young (47104K), 8 survivors (8192K)
 Metaspace       used 53741K, capacity 54898K, committed 54988K, reserved 303104K
  class space    used 7056K, capacity 7405K, committed 7424K, reserved 253952K
GC Heap History (10 events):
Event: 3.697 GC heap before
{Heap before GC invocations=3 (full 0):
 garbage-first heap   total 131072K, used 52316K [0x00000000e0000000, 0x0000000100000000)
  region size 1024K, 44 young (45056K), 5 survivors (5120K)
 Metaspace       used 20798K, capacity 21187K, committed 21248K, reserved 272384K
  class space    used 2650K, capacity 2807K, committed 2816K, reserved 253952K
}
Event: 3.707 GC heap after
{Heap after GC invocations=4 (full 0):
 garbage-first heap   total 131072K, used 15285K [0x00000000e0000000, 0x0000000100000000)
  region size 1024K, 2 young (2048K), 2 survivors (2048K)
 Metaspace       used 20798K, capacity 21187K, committed 21248K, reserved 272384K
  class space    used 2650K, capacity 2807K, committed 2816K, reserved 253952K
}
Event: 5.164 GC heap before
{Heap before GC invocations=5 (full 0):
 garbage-first heap   total 131072K, used 69557K [0x00000000e0000000, 0x0000000100000000)
  region size 1024K, 53 young (54272K), 2 survivors (2048K)
 Metaspace       used 30807K, capacity 31319K, committed 31488K, reserved 282624K
  class space    used 3790K, capacity 4008K, committed 4096K, reserved 253952K
}
Event: 5.174 GC heap after
{Heap after GC invocations=6 (full 0):
 garbage-first heap   total 131072K, used 19381K [0x00000000e0000000, 0x0000000100000000)
  region size 1024K, 6 young (6144K), 6 survivors (6144K)
 Metaspace       used 30807K, capacity 31319K, committed 31488K, reserved 282624K
  class space    used 3790K, capacity 4008K, committed 4096K, reserved 253952K
}
Event: 6.007 GC heap before
{Heap before GC invocations=6 (full 0):
 garbage-first heap   total 131072K, used 58293K [0x00000000e0000000, 0x0000000100000000)
  region size 1024K, 45 young (46080K), 6 survivors (6144K)
 Metaspace       used 35106K, capacity 35820K, committed 35840K, reserved 286720K
  class space    used 4399K, capacity 4607K, committed 4608K, reserved 253952K
}
Event: 6.018 GC heap after
{Heap after GC invocations=7 (full 0):
 garbage-first heap   total 131072K, used 22029K [0x00000000e0000000, 0x0000000100000000)
  region size 1024K, 3 young (3072K), 3 survivors (3072K)
 Metaspace       used 35106K, capacity 35820K, committed 35840K, reserved 286720K
  class space    used 4399K, capacity 4607K, committed 4608K, reserved 253952K
}
Event: 6.840 GC heap before
{Heap before GC invocations=8 (full 0):
 garbage-first heap   total 131072K, used 77325K [0x00000000e0000000, 0x0000000100000000)
  region size 1024K, 57 young (58368K), 3 survivors (3072K)
 Metaspace       used 38742K, capacity 39518K, committed 39628K, reserved 288768K
  class space    used 5032K, capacity 5278K, committed 5376K, reserved 253952K
}
Event: 6.848 GC heap after
{Heap after GC invocations=9 (full 0):
 garbage-first heap   total 131072K, used 24821K [0x00000000e0000000, 0x0000000100000000)
  region size 1024K, 6 young (6144K), 6 survivors (6144K)
 Metaspace       used 38742K, capacity 39518K, committed 39628K, reserved 288768K
  class space    used 5032K, capacity 5278K, committed 5376K, reserved 253952K
}
Event: 7.810 GC heap before
{Heap before GC invocations=9 (full 0):
 garbage-first heap   total 131072K, used 84213K [0x00000000e0000000, 0x0000000100000000)
  region size 1024K, 64 young (65536K), 6 survivors (6144K)
 Metaspace       used 44383K, capacity 45368K, committed 45644K, reserved 294912K
  class space    used 5907K, capacity 6192K, committed 6272K, reserved 253952K
}
Event: 7.824 GC heap after
{Heap after GC invocations=10 (full 0):
 garbage-first heap   total 131072K, used 29077K [0x00000000e0000000, 0x0000000100000000)
  region size 1024K, 8 young (8192K), 8 survivors (8192K)
 Metaspace       used 44383K, capacity 45368K, committed 45644K, reserved 294912K
  class space    used 5907K, capacity 6192K, committed 6272K, reserved 253952K
}

