# JRE version: Java(TM) SE Runtime Environment 18.9 (11.0.17+10) (build 11.0.17+10-LTS-269)
# Java VM: Java HotSpot(TM) 64-Bit Server VM 18.9 (11.0.17+10-LTS-269, mixed mode, tiered, compressed oops, g1 gc, windows-amd64)
Heap:
 garbage-first heap   total 131072K, used 60469K [0x00000000e0000000, 0x0000000100000000)
  region size 1024K, 39 young (39936K), 8 survivors (8192K)
 Metaspace       used 53524K, capacity 54610K, committed 54732K, reserved 303104K
  class space    used 7042K, capacity 7371K, committed 7424K, reserved 253952K
GC Heap History (10 events):
Event: 3.466 GC heap before
{Heap before GC invocations=3 (full 0):
 garbage-first heap   total 131072K, used 50028K [0x00000000e0000000, 0x0000000100000000)
  region size 1024K, 43 young (44032K), 5 survivors (5120K)
 Metaspace       used 20815K, capacity 21203K, committed 21248K, reserved 272384K
  class space    used 2656K, capacity 2807K, committed 2816K, reserved 253952K
}
Event: 3.475 GC heap after
{Heap after GC invocations=4 (full 0):
 garbage-first heap   total 131072K, used 15288K [0x00000000e0000000, 0x0000000100000000)
  region size 1024K, 2 young (2048K), 2 survivors (2048K)
 Metaspace       used 20815K, capacity 21203K, committed 21248K, reserved 272384K
  class space    used 2656K, capacity 2807K, committed 2816K, reserved 253952K
}
Event: 4.752 GC heap before
{Heap before GC invocations=5 (full 0):
 garbage-first heap   total 131072K, used 68536K [0x00000000e0000000, 0x0000000100000000)
  region size 1024K, 52 young (53248K), 2 survivors (2048K)
 Metaspace       used 30745K, capacity 31331K, committed 31488K, reserved 282624K
  class space    used 3786K, capacity 4008K, committed 4096K, reserved 253952K
}
Event: 4.760 GC heap after
{Heap after GC invocations=6 (full 0):
 garbage-first heap   total 131072K, used 19284K [0x00000000e0000000, 0x0000000100000000)
  region size 1024K, 6 young (6144K), 6 survivors (6144K)
 Metaspace       used 30745K, capacity 31331K, committed 31488K, reserved 282624K
  class space    used 3786K, capacity 4008K, committed 4096K, reserved 253952K
}
Event: 5.325 GC heap before
{Heap before GC invocations=6 (full 0):
 garbage-first heap   total 131072K, used 59220K [0x00000000e0000000, 0x0000000100000000)
  region size 1024K, 46 young (47104K), 6 survivors (6144K)
 Metaspace       used 35102K, capacity 35708K, committed 35840K, reserved 286720K
  class space    used 4407K, capacity 4607K, committed 4608K, reserved 253952K
}
Event: 5.334 GC heap after
{Heap after GC invocations=7 (full 0):
 garbage-first heap   total 131072K, used 21883K [0x00000000e0000000, 0x0000000100000000)
  region size 1024K, 7 young (7168K), 7 survivors (7168K)
 Metaspace       used 35102K, capacity 35708K, committed 35840K, reserved 286720K
  class space    used 4407K, capacity 4607K, committed 4608K, reserved 253952K
}
Event: 5.934 GC heap before
{Heap before GC invocations=8 (full 0):
 garbage-first heap   total 131072K, used 78203K [0x00000000e0000000, 0x0000000100000000)
  region size 1024K, 62 young (63488K), 7 survivors (7168K)
 Metaspace       used 38748K, capacity 39471K, committed 39628K, reserved 288768K
  class space    used 5037K, capacity 5278K, committed 5376K, reserved 253952K
}
Event: 5.948 GC heap after
{Heap after GC invocations=9 (full 0):
 garbage-first heap   total 131072K, used 25342K [0x00000000e0000000, 0x0000000100000000)
  region size 1024K, 6 young (6144K), 6 survivors (6144K)
 Metaspace       used 38748K, capacity 39471K, committed 39628K, reserved 288768K
  class space    used 5037K, capacity 5278K, committed 5376K, reserved 253952K
}
Event: 6.916 GC heap before
{Heap before GC invocations=9 (full 0):
 garbage-first heap   total 131072K, used 85758K [0x00000000e0000000, 0x0000000100000000)
  region size 1024K, 65 young (66560K), 6 survivors (6144K)
 Metaspace       used 44695K, capacity 45608K, committed 45900K, reserved 294912K
  class space    used 5952K, capacity 6224K, committed 6272K, reserved 253952K
}
Event: 6.929 GC heap after
{Heap after GC invocations=10 (full 0):
 garbage-first heap   total 131072K, used 29749K [0x00000000e0000000, 0x0000000100000000)
  region size 1024K, 8 young (8192K), 8 survivors (8192K)
 Metaspace       used 44695K, capacity 45608K, committed 45900K, reserved 294912K
  class space    used 5952K, capacity 6224K, committed 6272K, reserved 253952K
}

